2022-07-10 11:25:01,261:INFO:this is test
2022-07-10 11:25:13,475:INFO:created ETL class
2022-07-10 11:25:13,480:INFO:Initial ETL Job Run. Loading all movies
2022-07-10 11:25:30,989:INFO:this is test
2022-07-10 11:25:43,232:INFO:created ETL class
2022-07-10 11:25:43,237:INFO:Initial ETL Job Run. Loading all movies
2022-07-10 11:25:43,237:INFO:current page is 1
2022-07-10 11:25:44,706:INFO:tt9005244 ---- Girls Can't Surf (2020) INSERTED!
2022-07-10 11:25:44,742:INFO:tt10256570 ---- The Goddess of Fortune (2019) INSERTED!
2022-07-10 11:25:44,798:INFO:tt1393000 ---- Wrong Turn at Tahoe (2009) INSERTED!
2022-07-10 11:25:44,798:INFO:tt0103275 ---- Without Warning: The James Brady Story (1991) INSERTED!
2022-07-10 11:25:44,814:INFO:tt3462880 ---- Wiener Dog Internationals (2017) INSERTED!
2022-07-10 11:25:44,838:INFO:tt0096078 ---- Fatal Love (1988) INSERTED!
2022-07-10 11:25:44,846:INFO:tt0092273 ---- The Seventh Curse (1986) INSERTED!
2022-07-10 11:25:44,870:INFO:tt16529222 ---- Special Delivery (2022) INSERTED!
2022-07-10 11:25:44,870:INFO:tt0079091 ---- Memoirs of a French Whore (1979) INSERTED!
2022-07-10 11:25:44,878:INFO:tt1686327 ---- The Oregonian (2011) INSERTED!
2022-07-10 11:25:44,894:INFO:tt0470732 ---- Bernard and Doris (2006) INSERTED!
2022-07-10 11:25:44,910:INFO:tt13583466 ---- The Eternal Moment (2021) INSERTED!
2022-07-10 11:25:44,910:INFO:tt4933472 ---- Evil Bong: High 5 (2016) INSERTED!
2022-07-10 11:25:44,918:INFO:tt1423953 ---- Liar Game: The Final Stage (2010) INSERTED!
2022-07-10 11:25:44,918:INFO:tt11808288 ---- Ama (2021) INSERTED!
2022-07-10 11:25:44,926:INFO:tt14773250 ---- Myriam Fares: The Journey (2021) INSERTED!
2022-07-10 11:25:44,942:INFO:tt12126156 ---- No, porque me enamoro (2021) INSERTED!
2022-07-10 11:25:44,942:INFO:tt14604564 ---- Robot Apocalypse (2021) INSERTED!
2022-07-10 11:25:44,950:INFO:tt19315924 ---- Ranveer vs. Wild with Bear Grylls (2022) INSERTED!
2022-07-10 11:25:44,958:INFO:tt0870122 ---- Humboldt County (2008) INSERTED!
2022-07-10 11:25:44,966:INFO:tt11097942 ---- Io sto bene (2020) INSERTED!
2022-07-10 11:25:44,966:INFO:tt12155064 ---- Why Not You (2020) INSERTED!
2022-07-10 11:25:44,974:INFO:tt14136284 ---- Beautified Realism: The Making of Flowers of Shanghai (2021) INSERTED!
2022-07-10 11:25:44,982:INFO:tt9179430 ---- Vikram (2022) INSERTED!
2022-07-10 11:25:44,982:INFO:tt0111704 ---- White Mile (1994) INSERTED!
2022-07-10 11:25:44,990:INFO:tt0257850 ---- The Laramie Project (2002) INSERTED!
2022-07-10 11:25:44,998:INFO:tt0255851 ---- Boycott (2001) INSERTED!
2022-07-10 11:25:45,006:INFO:tt0075238 ---- The Shadow Line (1976) INSERTED!
2022-07-10 11:25:45,014:INFO:tt0795403 ---- The Initiation of Sarah (2006) INSERTED!
2022-07-10 11:25:45,022:INFO:tt0091192 ---- Hell High (1989) INSERTED!
2022-07-10 11:25:45,030:INFO:tt18968540 ---- Incantation (2022) INSERTED!
2022-07-10 11:25:45,030:INFO:tt15548032 ---- Dangerous Liaisons (2022) INSERTED!
2022-07-10 11:25:45,070:INFO:tt21030216 ---- Jewel (2022) INSERTED!
2022-07-10 11:25:45,110:INFO:tt9288046 ---- The Sea Beast (2022) INSERTED!
2022-07-10 11:25:45,118:INFO:tt0100468 ---- Red Surf (1989) INSERTED!
2022-07-10 11:25:45,142:INFO:tt8446886 ---- Leona (2018) INSERTED!
2022-07-10 11:25:45,150:INFO:tt15721828 ---- This Much I Know to Be True (2022) INSERTED!
2022-07-10 11:25:45,158:INFO:tt14673378 ---- Warriors on the Field (2022) INSERTED!
2022-07-10 11:25:45,166:INFO:tt0093505 ---- Masks (1987) INSERTED!
2022-07-10 11:25:45,174:INFO:tt12572040 ---- The Phantom of the Open (2021) INSERTED!
2022-07-10 11:25:45,182:INFO:tt13487922 ---- 1UP (2022) INSERTED!
2022-07-10 11:25:45,182:INFO:tt13615030 ---- The Road to Galena (2022) INSERTED!
2022-07-10 11:25:45,198:INFO:tt3328056 ---- Mount Lawrence (2015) INSERTED!
2022-07-10 11:25:45,206:INFO:tt5228710 ---- Maybe a Love Story (2018) INSERTED!
2022-07-10 11:25:45,206:INFO:tt1442578 ---- Reflections of a Blender (2010) INSERTED!
2022-07-10 11:25:45,214:INFO:tt13606158 ---- The Last Warrior: Root of Evil (2021) INSERTED!
2022-07-10 11:25:45,222:INFO:tt11613746 ---- García y García (2021) INSERTED!
2022-07-10 11:25:45,230:INFO:tt0043686 ---- Forbidden Games (1952) INSERTED!
2022-07-10 11:25:45,238:INFO:tt0082749 ---- A Thousand Billion Dollars (1982) INSERTED!
2022-07-10 11:25:45,238:INFO:tt0114775 ---- A Summer in La Goulette (1996) INSERTED!
2022-07-10 11:25:45,238:INFO:current page is 2
2022-07-10 11:25:47,371:INFO:tt13970824 ---- Walk the Tideline (2021) INSERTED!
2022-07-10 11:25:47,389:INFO:tt1239228 ---- Confessions of a Go-Go Girl (2008) INSERTED!
2022-07-10 11:25:47,397:INFO:tt9701028 ---- Song of Parkland (2019) INSERTED!
2022-07-10 11:25:47,413:INFO:tt0330069 ---- Blue Collar Comedy Tour: The Movie (2003) INSERTED!
2022-07-10 11:25:47,421:INFO:tt12998016 ---- The Summoned (2022) INSERTED!
2022-07-10 11:25:47,445:INFO:tt13270424 ---- Brian and Charles (2022) INSERTED!
2022-07-10 11:25:47,453:INFO:tt14036602 ---- Nude Tuesday (2022) INSERTED!
2022-07-10 11:25:47,469:INFO:tt11857966 ---- Orcus (2022) INSERTED!
2022-07-10 11:25:47,477:INFO:tt5229754 ---- She Was So Pretty (2016) INSERTED!
2022-07-10 11:25:47,493:INFO:tt0096117 ---- Slaughterhouse Rock (1987) INSERTED!
2022-07-10 11:25:47,501:INFO:tt0481513 ---- Dr. Dolittle 3 (2006) INSERTED!
2022-07-10 11:25:47,517:INFO:tt1024724 ---- Dr. Dolittle: Tail to the Chief (2008) INSERTED!
2022-07-10 11:25:47,525:INFO:tt0073834 ---- The UFO Incident (1975) INSERTED!
2022-07-10 11:25:47,541:INFO:tt2517158 ---- Twenty Million People (2013) INSERTED!
2022-07-10 11:25:47,549:INFO:tt6420312 ---- Innerself (2018) INSERTED!
2022-07-10 11:25:47,549:INFO:tt21060266 ---- Thriller: A Cruel Documentary (2022) INSERTED!
2022-07-10 11:25:47,565:INFO:tt8041270 ---- Jurassic World Dominion (2022) INSERTED!
2022-07-10 11:25:47,581:INFO:tt14064380 ---- The Companions (2021) INSERTED!
2022-07-10 11:25:47,581:INFO:tt21059520 ---- Girl in the Picture (2022) INSERTED!
2022-07-10 11:25:47,597:INFO:tt4181158 ---- Hello, Goodbye and Everything in Between (2022) INSERTED!
2022-07-10 11:25:47,605:INFO:tt3008014 ---- The Face Reader (2013) INSERTED!
2022-07-10 11:25:47,613:INFO:tt18923318 ---- Love Under the Lemon Tree (2022) INSERTED!
2022-07-10 11:25:47,621:INFO:tt12435010 ---- Nothing Else (2021) INSERTED!
2022-07-10 11:25:47,629:INFO:tt14921402 ---- Wayward (2022) INSERTED!
2022-07-10 11:25:47,637:INFO:tt16240286 ---- Malicious Mind Games (2022) INSERTED!
2022-07-10 11:25:47,645:INFO:tt14785408 ---- Secrets in the Wilderness (2021) INSERTED!
2022-07-10 11:25:47,653:INFO:tt10680838 ---- Take the Night (2022) INSERTED!
2022-07-10 11:25:47,661:INFO:tt11808308 ---- Best Years Gone (2021) INSERTED!
2022-07-10 11:25:47,669:INFO:tt3736766 ---- Punk the Capital: Building a Sound Movement (2019) INSERTED!
2022-07-10 11:25:47,693:INFO:tt21151840 ---- Ukraine: Answering the Call (2022) INSERTED!
2022-07-10 11:25:47,701:INFO:tt0052629 ---- The Big Operator (1959) INSERTED!
2022-07-10 11:25:47,701:INFO:tt15394074 ---- Rangers72 (2022) INSERTED!
2022-07-10 11:25:47,709:INFO:tt11162490 ---- The Drover's Wife (2021) INSERTED!
2022-07-10 11:25:47,717:INFO:tt0121566 ---- Monday Morning (1990) INSERTED!
2022-07-10 11:25:47,725:INFO:tt0031886 ---- S.O.S. Tidal Wave (1939) INSERTED!
2022-07-10 11:25:47,725:INFO:tt0791304 ---- Georgia Rule (2007) INSERTED!
2022-07-10 11:25:47,733:INFO:tt2078667 ---- Liar Game: Reborn (2012) INSERTED!
2022-07-10 11:25:47,741:INFO:tt0040795 ---- Sitting Pretty (1948) INSERTED!
2022-07-10 11:25:47,749:INFO:tt0087470 ---- The Indomitable Teddy Roosevelt (1983) INSERTED!
2022-07-10 11:25:47,749:INFO:tt0297071 ---- The Legend of Gingko (2000) INSERTED!
2022-07-10 11:25:47,757:INFO:tt6605812 ---- Eternal Winter (2018) INSERTED!
2022-07-10 11:25:47,765:INFO:tt1682187 ---- Lucky Trouble (2011) INSERTED!
2022-07-10 11:25:47,773:INFO:tt0073424 ---- Mother Kusters Goes to Heaven (1975) INSERTED!
2022-07-10 11:25:47,781:INFO:tt13173736 ---- 3 Demons (2022) INSERTED!
2022-07-10 11:25:47,789:INFO:tt15427420 ---- H.P. Lovecraft's Witch House (2021) INSERTED!
2022-07-10 11:25:47,789:INFO:tt0086205 ---- Romantic Comedy (1983) INSERTED!
2022-07-10 11:25:47,805:INFO:tt0038629 ---- I've Always Loved You (1946) INSERTED!
2022-07-10 11:25:47,813:INFO:tt0045924 ---- Jack McCall, Desperado (1953) INSERTED!
2022-07-10 11:25:47,813:INFO:tt11230210 ---- Lifeline/Clyfford Still (2019) INSERTED!
2022-07-10 11:25:47,829:INFO:tt0158863 ---- Private Practices: The Story of a Sex Surrogate (1985) INSERTED!
2022-07-10 11:25:47,829:INFO:current page is 3
2022-07-10 11:25:49,614:INFO:tt9103326 ---- The Seer and the Unseen (2019) INSERTED!
2022-07-10 11:25:49,620:INFO:tt11559138 ---- Young Hunter (2020) INSERTED!
2022-07-10 11:25:49,629:INFO:tt5189374 ---- Towards Tenderness (2016) INSERTED!
2022-07-10 11:25:49,637:INFO:tt8518302 ---- Dawn Breaks Behind the Eyes (2021) INSERTED!
2022-07-10 11:25:49,661:INFO:tt15242370 ---- Guermantes (2021) INSERTED!
2022-07-10 11:25:49,685:INFO:tt0050325 ---- Domino Kid (1957) INSERTED!
2022-07-10 11:25:49,693:INFO:tt15035246 ---- Block Party (2022) INSERTED!
2022-07-10 11:25:49,709:INFO:tt0051690 ---- Gunman's Walk (1958) INSERTED!
2022-07-10 11:25:49,725:INFO:tt12889912 ---- Instant Karma (2021) INSERTED!
2022-07-10 11:25:49,733:INFO:tt11660572 ---- Bridges (2021) INSERTED!
2022-07-10 11:25:49,741:INFO:tt19077862 ---- City of Vultures 3 (2022) INSERTED!
2022-07-10 11:25:49,749:INFO:tt13347018 ---- Bigfoot or Bust (2022) INSERTED!
2022-07-10 11:25:49,757:INFO:tt21214842 ---- Galaxy Games (2022) INSERTED!
2022-07-10 11:25:49,765:INFO:tt6901648 ---- The Eden Theory (2021) INSERTED!
2022-07-10 11:25:49,781:INFO:tt13404734 ---- Burden (2022) INSERTED!
2022-07-10 11:25:49,789:INFO:tt21188978 ---- American Werewolves (2022) INSERTED!
2022-07-10 11:25:49,797:INFO:tt7661648 ---- 11th Hour Cleaning (2022) INSERTED!
2022-07-10 11:25:49,813:INFO:tt0093828 ---- Real Men (1987) INSERTED!
2022-07-10 11:25:49,813:INFO:tt19895232 ---- Gianluca Vacchi - Mucho Más (2022) INSERTED!
2022-07-10 11:25:49,821:INFO:tt0116455 ---- Young and Dangerous 3 (1996) INSERTED!
2022-07-10 11:25:49,837:INFO:tt1600701 ---- Captifs (2010) INSERTED!
2022-07-10 11:25:49,845:INFO:tt0239921 ---- The Hand (1965) INSERTED!
2022-07-10 11:25:49,853:INFO:tt16269082 ---- Girl (1993) INSERTED!
2022-07-10 11:25:49,853:INFO:tt0087335 ---- A Girl's Own Story (1984) INSERTED!
2022-07-10 11:25:49,853:INFO:tt0063371 ---- A Report on the Party and Guests (1966) INSERTED!
2022-07-10 11:25:49,861:INFO:tt0033459 ---- Cheers for Miss Bishop (1941) INSERTED!
2022-07-10 11:25:49,869:INFO:tt0116851 ---- Leila (1997) INSERTED!
2022-07-10 11:25:49,877:INFO:tt0056906 ---- Carom Shots (1963) INSERTED!
2022-07-10 11:25:49,877:INFO:tt1033618 ---- Execution in Autumn (1972) INSERTED!
2022-07-10 11:25:49,885:INFO:tt0035647 ---- Arizona Trail (1943) INSERTED!
2022-07-10 11:25:49,893:INFO:tt0285594 ---- Flower and Snake: Sketch of Hell (1985) INSERTED!
2022-07-10 11:25:49,901:INFO:tt0057168 ---- I Could Go on Singing (1963) INSERTED!
2022-07-10 11:25:49,901:INFO:tt11189596 ---- Within These Walls (2020) INSERTED!
2022-07-10 11:25:49,909:INFO:tt0044694 ---- The Hawk of Wild River (1952) INSERTED!
2022-07-10 11:25:49,917:INFO:tt13342118 ---- Swept Up by Christmas (2019) INSERTED!
2022-07-10 11:25:49,917:INFO:tt13926310 ---- Small Body (2021) INSERTED!
2022-07-10 11:25:49,925:INFO:tt3320502 ---- Let It Snow (2013) INSERTED!
2022-07-10 11:25:49,933:INFO:tt4659710 ---- The Limit Of (2018) INSERTED!
2022-07-10 11:25:49,941:INFO:tt21053530 ---- Thor: God of Thunder (2022) INSERTED!
2022-07-10 11:25:49,949:INFO:tt20603730 ---- Resurrecting the Dragon: Looking Back at 'Miami Connection' (2022) INSERTED!
2022-07-10 11:25:49,949:INFO:tt6487174 ---- Simon's Got a Gift (2019) INSERTED!
2022-07-10 11:25:49,957:INFO:tt15241580 ---- You Are the One (2020) INSERTED!
2022-07-10 11:25:49,965:INFO:tt14171544 ---- Inside Chernobyl with Ben Fogle (2021) INSERTED!
2022-07-10 11:25:49,973:INFO:tt14734772 ---- Taiwan vs China: A Fragile Democracy (2020) INSERTED!
2022-07-10 11:25:49,981:INFO:tt6453158 ---- Scotch: A Golden Dream (2018) INSERTED!
2022-07-10 11:25:49,981:INFO:tt6573942 ---- Schumann's Bar Talks (2017) INSERTED!
2022-07-10 11:25:49,989:INFO:tt11418672 ---- Holy Silence (2020) INSERTED!
2022-07-10 11:25:49,989:INFO:tt12938146 ---- China's New Silk Road (2019) INSERTED!
2022-07-10 11:25:49,997:INFO:tt6441102 ---- Complicit (2017) INSERTED!
2022-07-10 11:25:50,005:INFO:tt1326194 ---- Beer Wars (2009) INSERTED!
2022-07-10 11:25:50,005:INFO:current page is 4
2022-07-10 11:25:51,652:INFO:tt10912990 ---- The Millions (2019) INSERTED!
2022-07-10 11:25:51,656:INFO:tt0064155 ---- Charro! (1969) INSERTED!
2022-07-10 11:25:51,659:INFO:tt8041618 ---- Piripkura (2017) INSERTED!
2022-07-10 11:25:51,659:INFO:tt0273982 ---- Poolhall Junkies (2002) INSERTED!
2022-07-10 11:25:51,667:INFO:tt0282768 ---- The Emperor's New Clothes (2001) INSERTED!
2022-07-10 11:25:51,675:INFO:tt14349120 ---- Birdies (2022) INSERTED!
2022-07-10 11:25:51,683:INFO:tt18573320 ---- Russian Hackers (2022) INSERTED!
2022-07-10 11:25:51,691:INFO:tt8928230 ---- Y cómo es él? (2020) INSERTED!
2022-07-10 11:25:51,691:INFO:tt0051028 ---- The Sun Also Rises (1957) INSERTED!
2022-07-10 11:25:51,699:INFO:tt11973834 ---- The Art of Incarceration (2021) INSERTED!
2022-07-10 11:25:51,707:INFO:tt13353386 ---- The Butcher's Daughter (2020) INSERTED!
2022-07-10 11:25:51,707:INFO:tt0104146 ---- Casino Tycoon II (1992) INSERTED!
2022-07-10 11:25:51,715:INFO:tt0047604 ---- Track the Man Down (1955) INSERTED!
2022-07-10 11:25:51,723:INFO:tt7491864 ---- Friends for Eternity: The Making of Miami Connection (2012) INSERTED!
2022-07-10 11:25:51,747:INFO:tt0086520 ---- Urusei Yatsura: Only You (1983) INSERTED!
2022-07-10 11:25:51,779:INFO:tt0095448 ---- Kimagure Orange Road: I Want to Return to That Day (1988) INSERTED!
2022-07-10 11:25:51,787:INFO:tt1278060 ---- The Garden of Sinners: Paradox Spiral (2008) INSERTED!
2022-07-10 11:25:51,795:INFO:tt1345776 ---- The Garden of Sinners: A Study in Murder - Part 2 (2009) INSERTED!
2022-07-10 11:25:51,827:INFO:tt3385334 ---- Naz & Maalik (2015) INSERTED!
2022-07-10 11:25:51,835:INFO:tt0071247 ---- Brief Encounter (1974) INSERTED!
2022-07-10 11:25:51,835:INFO:tt10899680 ---- The Sleepwalkers (2019) INSERTED!
2022-07-10 11:25:51,843:INFO:tt14459796 ---- Acts of Love (2021) INSERTED!
2022-07-10 11:25:51,851:INFO:tt0090658 ---- Arion (1986) INSERTED!
2022-07-10 11:25:51,851:INFO:tt1233474 ---- The Garden of Sinners: The Hollow Shrine (2008) INSERTED!
2022-07-10 11:25:51,859:INFO:tt1155652 ---- The Garden of Sinners: Remaining Sense of Pain (2008) INSERTED!
2022-07-10 11:25:51,867:INFO:tt1155650 ---- The Garden of Sinners: Overlooking View (2007) INSERTED!
2022-07-10 11:25:51,875:INFO:tt1343089 ---- The Garden of Sinners: Oblivion Recording (2008) INSERTED!
2022-07-10 11:25:51,875:INFO:tt1155651 ---- The Garden of Sinners: A Study in Murder - Part 1 (2007) INSERTED!
2022-07-10 11:25:51,883:INFO:tt3868344 ---- The Garden of Sinners: Epilogue (2011) INSERTED!
2022-07-10 11:25:51,883:INFO:tt12444304 ---- Einstein on the Beach (2014) INSERTED!
2022-07-10 11:25:51,891:INFO:tt15489976 ---- The Laws of the Universe: The Age of Elohim (2021) INSERTED!
2022-07-10 11:25:51,899:INFO:tt7664898 ---- Lamb (1964) INSERTED!
2022-07-10 11:25:51,907:INFO:tt5437912 ---- Swallowed (2016) INSERTED!
2022-07-10 11:25:51,915:INFO:tt2078729 ---- Snow Canon (2011) INSERTED!
2022-07-10 11:25:51,923:INFO:tt0839928 ---- No Place Like Home (2006) INSERTED!
2022-07-10 11:25:51,923:INFO:tt9576110 ---- A Place in the Sun (2019) INSERTED!
2022-07-10 11:25:51,931:INFO:tt10423286 ---- G Storm (2021) INSERTED!
2022-07-10 11:25:51,931:INFO:tt0111430 ---- Tigrero: A Film That Was Never Made (1994) INSERTED!
2022-07-10 11:25:51,939:INFO:tt12678146 ---- The Passenger (2021) INSERTED!
2022-07-10 11:25:51,947:INFO:tt5539408 ---- La permanence (2016) INSERTED!
2022-07-10 11:25:51,955:INFO:tt0181275 ---- a.k.a. Cassius Clay (1970) INSERTED!
2022-07-10 11:25:51,955:INFO:tt0016491 ---- Mother (1925) INSERTED!
2022-07-10 11:25:51,963:INFO:tt10264878 ---- A Stormy Night (2020) INSERTED!
2022-07-10 11:25:51,971:INFO:tt21049046 ---- Josh Taylor: Portrait of a Fighter (2022) INSERTED!
2022-07-10 11:25:51,971:INFO:tt0111019 ---- Wild Reeds (1994) INSERTED!
2022-07-10 11:25:51,979:INFO:tt0042377 ---- Dance Hall (1950) INSERTED!
2022-07-10 11:25:51,979:INFO:tt10394178 ---- The Amber Light (2019) INSERTED!
2022-07-10 11:25:51,987:INFO:tt7083380 ---- Second souffle (2016) INSERTED!
2022-07-10 11:25:51,995:INFO:tt2877296 ---- Rodents of Unusual Size (2017) INSERTED!
2022-07-10 11:25:51,995:INFO:tt0096072 ---- Seven Hours to Judgment (1988) INSERTED!
2022-07-10 11:25:51,995:INFO:current page is 5
2022-07-10 11:25:53,422:INFO:tt13085336 ---- Slim & I (2020) INSERTED!
2022-07-10 11:25:53,424:INFO:tt6441084 ---- Remember Baghdad (2016) INSERTED!
2022-07-10 11:25:53,428:INFO:tt2480794 ---- Bad Luck (2015) INSERTED!
2022-07-10 11:25:53,428:INFO:tt3166500 ---- Homesick (2015) INSERTED!
2022-07-10 11:25:53,436:INFO:tt6584864 ---- Desert Coffee (2017) INSERTED!
2022-07-10 11:25:53,436:INFO:tt18362996 ---- Cracked (2022) INSERTED!
2022-07-10 11:25:53,452:INFO:tt0022599 ---- À Nous la Liberté (1931) INSERTED!
2022-07-10 11:25:53,452:INFO:tt1188982 ---- Jai Ho (2014) INSERTED!
2022-07-10 11:25:53,460:INFO:tt15438542 ---- Code Name Banshee (2022) INSERTED!
2022-07-10 11:25:53,468:INFO:tt15690300 ---- Hot Seat (2022) INSERTED!
2022-07-10 11:25:53,476:INFO:tt13406136 ---- The Princess (2022) INSERTED!
2022-07-10 11:25:53,484:INFO:tt13829262 ---- Rubikon (2022) INSERTED!
2022-07-10 11:25:53,492:INFO:tt14263856 ---- Last the Night (2022) INSERTED!
2022-07-10 11:25:53,500:INFO:tt9794314 ---- Past Malice More Bitter Than Death (2019) INSERTED!
2022-07-10 11:25:53,508:INFO:tt0074313 ---- Jing wu men xu ji (1977) INSERTED!
2022-07-10 11:25:53,508:INFO:tt0040016 ---- Zwischen gestern und morgen (1947) INSERTED!
2022-07-10 11:25:53,524:INFO:tt15548074 ---- The Sixth Secret (2022) INSERTED!
2022-07-10 11:25:53,524:INFO:tt11398346 ---- Strawberry Mansion (2021) INSERTED!
2022-07-10 11:25:53,532:INFO:tt14043966 ---- Terror on the Prairie (2022) INSERTED!
2022-07-10 11:25:53,532:INFO:tt16047468 ---- Tree of Eternal Love (2021) INSERTED!
2022-07-10 11:25:53,540:INFO:tt8737494 ---- Apostrophes Le monde de la photographie (1979) INSERTED!
2022-07-10 11:25:53,548:INFO:tt0095842 ---- Thick Skinned (1989) INSERTED!
2022-07-10 11:25:53,548:INFO:tt6226610 ---- Until the Birds Return (2017) INSERTED!
2022-07-10 11:25:53,548:INFO:tt7158418 ---- Cat Nation: A Film About Japan's Crazy Cat Culture (2017) INSERTED!
2022-07-10 11:25:53,556:INFO:tt13097910 ---- Feast (2021) INSERTED!
2022-07-10 11:25:53,564:INFO:tt10376800 ---- Petite Solange (2021) INSERTED!
2022-07-10 11:25:53,572:INFO:tt10128118 ---- Heilung - Lifa (2017) INSERTED!
2022-07-10 11:25:53,572:INFO:tt0380827 ---- Shinshaku Yotsuya kaidan: kôhen (1949) INSERTED!
2022-07-10 11:25:53,580:INFO:tt9438926 ---- Tour of Mythicality (2018) INSERTED!
2022-07-10 11:25:53,580:INFO:tt0042059 ---- Ghost of Yotsuya (1949) INSERTED!
2022-07-10 11:25:53,588:INFO:tt0945321 ---- The Bird Can't Fly (2007) INSERTED!
2022-07-10 11:25:53,596:INFO:tt1185370 ---- The King of Texas (2008) INSERTED!
2022-07-10 11:25:53,596:INFO:tt2411024 ---- Perfect Number (2012) INSERTED!
2022-07-10 11:25:53,604:INFO:tt8997180 ---- The Antenna (2019) INSERTED!
2022-07-10 11:25:53,612:INFO:tt6628790 ---- Can't Stop, Won't Stop: A Bad Boy Story (2017) INSERTED!
2022-07-10 11:25:53,612:INFO:tt0045332 ---- The Winning Team (1952) INSERTED!
2022-07-10 11:25:53,620:INFO:tt1794951 ---- Shakedown (2018) INSERTED!
2022-07-10 11:25:53,628:INFO:tt10243676 ---- After Blue (2021) INSERTED!
2022-07-10 11:25:53,628:INFO:tt5923748 ---- Behind the Random Denominator (2017) INSERTED!
2022-07-10 11:25:53,644:INFO:tt11952820 ---- Naked Mole Rat Gets Dressed: The Rock Special (2022) INSERTED!
2022-07-10 11:25:53,644:INFO:tt1921070 ---- Pusher (2012) INSERTED!
2022-07-10 11:25:53,652:INFO:tt0074524 ---- Femmes Fatales (1976) INSERTED!
2022-07-10 11:25:53,652:INFO:tt11557872 ---- Zaï Zaï Zaï Zaï (2020) INSERTED!
2022-07-10 11:25:53,660:INFO:tt5474644 ---- My Little Pony: Equestria Girls - Legend of Everfree (2016) INSERTED!
2022-07-10 11:25:53,660:INFO:tt0050544 ---- Interlude (1957) INSERTED!
2022-07-10 11:25:53,668:INFO:tt16403404 ---- Inhuman Experiments: The Making of 'The Kindred' (2021) INSERTED!
2022-07-10 11:25:53,676:INFO:tt3470928 ---- Stones for the Rampart (2014) INSERTED!
2022-07-10 11:25:53,676:INFO:tt2034123 ---- Tank on the Moon (2007) INSERTED!
2022-07-10 11:25:53,684:INFO:tt13648222 ---- President (2021) INSERTED!
2022-07-10 11:25:53,692:INFO:tt20516478 ---- The Real Derry: Jamie-Lee O'Donnell (2022) INSERTED!
2022-07-10 11:25:53,692:INFO:current page is 6
